生成启动时间为 2022/10/14 12:31:08。
     1>项目“D:\C++文件\图形测试\图形测试\图形测试.vcxproj”在节点 2 上(build 个目标)。
     1>PrepareForBuild:
         正在创建目录“D:\C++文件\图形测试\Debug\”。
       InitializeBuildStatus:
         正在创建“Debug\图形测试.unsuccessfulbuild”，因为已指定“AlwaysCreate”。
       ClCompile:
         C:\Program Files (x86)\Microsoft Visual Studio 10.0\VC\bin\CL.exe /c /ZI /nologo /W3 /WX- /Od /Oy- /D _UNICODE /D UNICODE /Gm /EHsc /RTC1 /MDd /GS /fp:precise /Zc:wchar_t /Zc:forScope /Fo"Debug\\" /Fd"Debug\vc100.pdb" /Gd /TP /analyze- /errorReport:prompt "测试.cpp"
         测试.cpp
       Link:
         C:\Program Files (x86)\Microsoft Visual Studio 10.0\VC\bin\link.exe /ERRORREPORT:PROMPT /OUT:"D:\C++文件\图形测试\Debug\图形测试.exe" /NOLOGO kernel32.lib user32.lib gdi32.lib winspool.lib comdlg32.lib advapi32.lib shell32.lib ole32.lib oleaut32.lib uuid.lib odbc32.lib odbccp32.lib /MANIFEST /ManifestFile:"Debug\图形测试.exe.intermediate.manifest" /MANIFESTUAC:"level='asInvoker' uiAccess='false'" /DEBUG /PDB:"D:\C++文件\图形测试\Debug\图形测试.pdb" /TLBID:1 /DYNAMICBASE /NXCOMPAT /IMPLIB:"D:\C++文件\图形测试\Debug\图形测试.lib" /MACHINE:X86 "Debug\测试.obj"
         图形测试.vcxproj -> D:\C++文件\图形测试\Debug\图形测试.exe
       Manifest:
         C:\Program Files (x86)\Microsoft SDKs\Windows\v7.0A\bin\mt.exe /nologo /verbose /outputresource:"D:\C++文件\图形测试\Debug\图形测试.exe;#1" /manifest "Debug\图形测试.exe.intermediate.manifest"
       FinalizeBuildStatus:
         正在删除文件“Debug\图形测试.unsuccessfulbuild”。
         正在对“Debug\图形测试.lastbuildstate”执行 Touch 任务。
     1>已完成生成项目“D:\C++文件\图形测试\图形测试\图形测试.vcxproj”(build 个目标)的操作。

生成成功。

已用时间 00:00:11.23
